[2020-02-27 00:18:50] local.DEBUG: Message-ID: <a1ea8aa4a0e1a12e9f9b6d9bd2e276dc@localhost>
Date: Thu, 27 Feb 2020 00:18:50 +0000
Subject: Please confirm your new email
From: Zimarket <noreply@zim.com>
To: Theo Hyatt <feli@gmail.com>
MIME-Version: 1.0
Content-Type: multipart/alternative;
 boundary="_=_swift_1582762730_00768589089986927128748e603cb2d2_=_"

<!DOCTYPE html PUBLIC "-//W3C//DTD XHTML 1.0 Transitional//EN" "http://www.w3.org/TR/xhtml1/DTD/xhtml1-transitional.dtd">
<html xmlns="http://www.w3.org/1999/xhtml">
<head>
<meta name="viewport" content="width=device-width, initial-scale=1.0">
<meta http-equiv="Content-Type" content="text/html; charset=UTF-8">
</head>
<body style="font-family: -apple-system, BlinkMacSystemFont, 'Segoe UI', Roboto, Helvetica, Arial, sans-serif, 'Apple Color Emoji', 'Segoe UI Emoji', 'Segoe UI Symbol'; box-sizing: border-box; background-color: #f8fafc; color: #74787e; height: 100%; hyphens: auto; line-height: 1.4; margin: 0; -moz-hyphens: auto; -ms-word-break: break-all; width: 100% !important; -webkit-hyphens: auto; -webkit-text-size-adjust: none; word-break: break-word;">
<style>
@media  only screen and (max-width: 600px) {
.inner-body {
width: 100% !important;
}

.footer {
width: 100% !important;
}
}

@media  only screen and (max-width: 500px) {
.button {
width: 100% !important;
}
}
</style>

<table class="wrapper" width="100%" cellpadding="0" cellspacing="0" role="presentation" style="font-family: -apple-system, BlinkMacSystemFont, 'Segoe UI', Roboto, Helvetica, Arial, sans-serif, 'Apple Color Emoji', 'Segoe UI Emoji', 'Segoe UI Symbol'; box-sizing: border-box; background-color: #f8fafc; margin: 0; padding: 0; width: 100%; -premailer-cellpadding: 0; -premailer-cellspacing: 0; -premailer-width: 100%;">
<tr>
<td align="center" style="font-family: -apple-system, BlinkMacSystemFont, 'Segoe UI', Roboto, Helvetica, Arial, sans-serif, 'Apple Color Emoji', 'Segoe UI Emoji', 'Segoe UI Symbol'; box-sizing: border-box;">
<table class="content" width="100%" cellpadding="0" cellspacing="0" role="presentation" style="font-family: -apple-system, BlinkMacSystemFont, 'Segoe UI', Roboto, Helvetica, Arial, sans-serif, 'Apple Color Emoji', 'Segoe UI Emoji', 'Segoe UI Symbol'; box-sizing: border-box; margin: 0; padding: 0; width: 100%; -premailer-cellpadding: 0; -premailer-cellspacing: 0; -premailer-width: 100%;">
<tr>
<td class="header" style="font-family: -apple-system, BlinkMacSystemFont, 'Segoe UI', Roboto, Helvetica, Arial, sans-serif, 'Apple Color Emoji', 'Segoe UI Emoji', 'Segoe UI Symbol'; box-sizing: border-box; padding: 25px 0; text-align: center;">
<a href="http://localhost" style="font-family: -apple-system, BlinkMacSystemFont, 'Segoe UI', Roboto, Helvetica, Arial, sans-serif, 'Apple Color Emoji', 'Segoe UI Emoji', 'Segoe UI Symbol'; box-sizing: border-box; color: #bbbfc3; font-size: 19px; font-weight: bold; text-decoration: none; text-shadow: 0 1px 0 white;">
zim
</a>
</td>
</tr>

<!-- Email Body -->
<tr>
<td class="body" width="100%" cellpadding="0" cellspacing="0" style="font-family: -apple-system, BlinkMacSystemFont, 'Segoe UI', Roboto, Helvetica, Arial, sans-serif, 'Apple Color Emoji', 'Segoe UI Emoji', 'Segoe UI Symbol'; box-sizing: border-box; background-color: #ffffff; border-bottom: 1px solid #edeff2; border-top: 1px solid #edeff2; margin: 0; padding: 0; width: 100%; -premailer-cellpadding: 0; -premailer-cellspacing: 0; -premailer-width: 100%;">
<table class="inner-body" align="center" width="570" cellpadding="0" cellspacing="0" role="presentation" style="font-family: -apple-system, BlinkMacSystemFont, 'Segoe UI', Roboto, Helvetica, Arial, sans-serif, 'Apple Color Emoji', 'Segoe UI Emoji', 'Segoe UI Symbol'; box-sizing: border-box; background-color: #ffffff; margin: 0 auto; padding: 0; width: 570px; -premailer-cellpadding: 0; -premailer-cellspacing: 0; -premailer-width: 570px;">
<!-- Body content -->
<tr>
<td class="content-cell" style="font-family: -apple-system, BlinkMacSystemFont, 'Segoe UI', Roboto, Helvetica, Arial, sans-serif, 'Apple Color Emoji', 'Segoe UI Emoji', 'Segoe UI Symbol'; box-sizing: border-box; padding: 35px;">
<h1 style="font-family: -apple-system, BlinkMacSystemFont, 'Segoe UI', Roboto, Helvetica, Arial, sans-serif, 'Apple Color Emoji', 'Segoe UI Emoji', 'Segoe UI Symbol'; box-sizing: border-box; color: #3d4852; font-size: 19px; font-weight: bold; margin-top: 0; text-align: left;">Hello Theo Hyatt</h1>
<p style="font-family: -apple-system, BlinkMacSystemFont, 'Segoe UI', Roboto, Helvetica, Arial, sans-serif, 'Apple Color Emoji', 'Segoe UI Emoji', 'Segoe UI Symbol'; box-sizing: border-box; color: #3d4852; font-size: 16px; line-height: 1.5em; margin-top: 0; text-align: left;">You changed your email, so we need to verify this new address. Please use the button below:</p>
<table class="action" align="center" width="100%" cellpadding="0" cellspacing="0" role="presentation" style="font-family: -apple-system, BlinkMacSystemFont, 'Segoe UI', Roboto, Helvetica, Arial, sans-serif, 'Apple Color Emoji', 'Segoe UI Emoji', 'Segoe UI Symbol'; box-sizing: border-box; margin: 30px auto; padding: 0; text-align: center; width: 100%; -premailer-cellpadding: 0; -premailer-cellspacing: 0; -premailer-width: 100%;">
<tr>
<td align="center" style="font-family: -apple-system, BlinkMacSystemFont, 'Segoe UI', Roboto, Helvetica, Arial, sans-serif, 'Apple Color Emoji', 'Segoe UI Emoji', 'Segoe UI Symbol'; box-sizing: border-box;">
<table width="100%" border="0" cellpadding="0" cellspacing="0" role="presentation" style="font-family: -apple-system, BlinkMacSystemFont, 'Segoe UI', Roboto, Helvetica, Arial, sans-serif, 'Apple Color Emoji', 'Segoe UI Emoji', 'Segoe UI Symbol'; box-sizing: border-box;">
<tr>
<td align="center" style="font-family: -apple-system, BlinkMacSystemFont, 'Segoe UI', Roboto, Helvetica, Arial, sans-serif, 'Apple Color Emoji', 'Segoe UI Emoji', 'Segoe UI Symbol'; box-sizing: border-box;">
<table border="0" cellpadding="0" cellspacing="0" role="presentation" style="font-family: -apple-system, BlinkMacSystemFont, 'Segoe UI', Roboto, Helvetica, Arial, sans-serif, 'Apple Color Emoji', 'Segoe UI Emoji', 'Segoe UI Symbol'; box-sizing: border-box;">
<tr>
<td style="font-family: -apple-system, BlinkMacSystemFont, 'Segoe UI', Roboto, Helvetica, Arial, sans-serif, 'Apple Color Emoji', 'Segoe UI Emoji', 'Segoe UI Symbol'; box-sizing: border-box;">
<a href="http://localhost/zimarket/public/api/users/verify/bVpY4Z3UMRYWLcBtFOkYieb0VzkqrMsivDLuXQYO" class="button button-primary" target="_blank" style="font-family: -apple-system, BlinkMacSystemFont, 'Segoe UI', Roboto, Helvetica, Arial, sans-serif, 'Apple Color Emoji', 'Segoe UI Emoji', 'Segoe UI Symbol'; box-sizing: border-box; border-radius: 3px; box-shadow: 0 2px 3px rgba(0, 0, 0, 0.16); color: #fff; display: inline-block; text-decoration: none; -webkit-text-size-adjust: none; background-color: #3490dc; border-top: 10px solid #3490dc; border-right: 18px solid #3490dc; border-bottom: 10px solid #3490dc; border-left: 18px solid #3490dc;">Verify Account</a>
</td>
</tr>
</table>
</td>
</tr>
</table>
</td>
</tr>
</table>
<p style="font-family: -apple-system, BlinkMacSystemFont, 'Segoe UI', Roboto, Helvetica, Arial, sans-serif, 'Apple Color Emoji', 'Segoe UI Emoji', 'Segoe UI Symbol'; box-sizing: border-box; color: #3d4852; font-size: 16px; line-height: 1.5em; margin-top: 0; text-align: left;">Thanks,<br>
zim</p>



</td>
</tr>
</table>
</td>
</tr>

<tr>
<td style="font-family: -apple-system, BlinkMacSystemFont, 'Segoe UI', Roboto, Helvetica, Arial, sans-serif, 'Apple Color Emoji', 'Segoe UI Emoji', 'Segoe UI Symbol'; box-sizing: border-box;">
<table class="footer" align="center" width="570" cellpadding="0" cellspacing="0" role="presentation" style="font-family: -apple-system, BlinkMacSystemFont, 'Segoe UI', Roboto, Helvetica, Arial, sans-serif, 'Apple Color Emoji', 'Segoe UI Emoji', 'Segoe UI Symbol'; box-sizing: border-box; margin: 0 auto; padding: 0; text-align: center; width: 570px; -premailer-cellpadding: 0; -premailer-cellspacing: 0; -premailer-width: 570px;">
<tr>
<td class="content-cell" align="center" style="font-family: -apple-system, BlinkMacSystemFont, 'Segoe UI', Roboto, Helvetica, Arial, sans-serif, 'Apple Color Emoji', 'Segoe UI Emoji', 'Segoe UI Symbol'; box-sizing: border-box; padding: 35px;">
<p style="font-family: -apple-system, BlinkMacSystemFont, 'Segoe UI', Roboto, Helvetica, Arial, sans-serif, 'Apple Color Emoji', 'Segoe UI Emoji', 'Segoe UI Symbol'; box-sizing: border-box; line-height: 1.5em; margin-top: 0; color: #aeaeae; font-size: 12px; text-align: center;">© 2020 zim. All rights reserved.</p>

</td>
</tr>
</table>
</td>
</tr>
</table>
</td>
</tr>
</table>
</body>
</html>

Content-Type: text/plain; charset=utf-8
Content-Transfer-Encoding: quoted-printable

[zim](http://localhost)

# Hello Theo Hyatt

You changed your email, so we need to verify this new address. Please use the button below: 

Verify Account: http://localhost/zimarket/public/api/users/verify/bVpY4Z3UMRYWLcBtFOkYieb0VzkqrMsivDLuXQYO

Thanks,

zim

© 2020 zim. All rights reserved.
  
